#
# There is insufficient memory for the Java Runtime Environment to continue.
# Native memory allocation (malloc) failed to allocate 1048576 bytes for AllocateHeap
# Possible reasons:
#   The system is out of physical RAM or swap space
#   The process is running with CompressedOops enabled, and the Java Heap may be blocking the growth of the native heap
# Possible solutions:
#   Reduce memory load on the system
#   Increase physical memory or swap space
#   Check if swap backing store is full
#   Decrease Java heap size (-Xmx/-Xms)
#   Decrease number of Java threads
#   Decrease Java thread stack sizes (-Xss)
#   Set larger code cache with -XX:ReservedCodeCacheSize=
#   JVM is running with Unscaled Compressed Oops mode in which the Java heap is
#     placed in the first 4GB address space. The Java Heap base address is the
#     maximum limit for the native heap growth. Please use -XX:HeapBaseMinAddress
#     to set the Java Heap base and to place the Java Heap above 4GB virtual address.
# This output file may be truncated or incomplete.
#
#  Out of Memory Error (allocation.cpp:44), pid=4240, tid=16004
#
# JRE version:  (17.0.11+7) (build )
# Java VM: Java HotSpot(TM) 64-Bit Server VM (17.0.11+7-LTS-207, mixed mode, sharing, tiered, compressed oops, compressed class ptrs, g1 gc, windows-amd64)
# No core dump will be written. Minidumps are not enabled by default on client versions of Windows
#

---------------  S U M M A R Y ------------

Command Line: -Dapplication.home=C:\Program Files\Java\jdk-17 --add-modules=ALL-DEFAULT -Xms8m -Djdk.module.main=jdk.compiler jdk.compiler/com.sun.tools.javac.Main -cp lib\front-controller.jar;lib\gson-2.8.2.jar;lib\servlet-api.jar -d classes temp_src/*.java

Host: 11th Gen Intel(R) Core(TM) i5-11300H @ 3.10GHz, 8 cores, 7G,  Windows 11 , 64 bit Build 26100 (10.0.26100.3775)
Time: Wed Apr 16 10:53:27 2025 Afrique de l, 64 bit Build 26100 (10.0.26100.3775) elapsed time: 1.037627 seconds (0d 0h 0m 1s)

---------------  T H R E A D  ---------------

Current thread (0x000001fdead9d100):  JavaThread "Unknown thread" [_thread_in_vm, id=16004, stack(0x00000040ba900000,0x00000040baa00000)]

Stack: [0x00000040ba900000,0x00000040baa00000]
Native frames: (J=compiled Java code, j=interpreted, Vv=VM code, C=native code)
V  [jvm.dll+0x679cca]
V  [jvm.dll+0x7da13d]
V  [jvm.dll+0x7dba83]
V  [jvm.dll+0x7dc0f3]
V  [jvm.dll+0x2449af]
V  [jvm.dll+0xa5e73]
V  [jvm.dll+0x2d4767]
V  [jvm.dll+0x7ac67c]
V  [jvm.dll+0x366f61]
V  [jvm.dll+0x78b609]
V  [jvm.dll+0x3ec22f]
V  [jvm.dll+0x3ede61]
C  [jli.dll+0x5297]
C  [ucrtbase.dll+0x37b0]
C  [KERNEL32.DLL+0x2e8d7]
C  [ntdll.dll+0xb14fc]


---------------  P R O C E S S  ---------------

Threads class SMR info:
_java_thread_list=0x00007ffd51297a18, length=0, elements={
}

Java Threads: ( => current thread )

Other Threads:

=>0x000001fdead9d100 (exited) JavaThread "Unknown thread" [_thread_in_vm, id=16004, stack(0x00000040ba900000,0x00000040baa00000)]

Threads with active compile tasks:

VM state: not at safepoint (not fully initialized)

VM Mutex/Monitor currently owned by a thread: None

Heap address: 0x0000000000000000, size: 0 MB, Compressed Oops mode: 32-bit

CDS archive(s) mapped at: [0x0000000000000000-0x0000000000000000-0x0000000000000000), size 0, SharedBaseAddress: 0x0000000800000000, ArchiveRelocationMode: 1.
Narrow klass base: 0x0000000000000000, Narrow klass shift: 0, Narrow klass range: 0x0

GC Precious Log:
<Empty>

GC Heap History (0 events):
No events

Deoptimization events (0 events):
No events

Classes unloaded (0 events):
No events

Classes redefined (0 events):
No events

Internal exceptions (0 events):
No events

VM Operations (0 events):
No events

Events (1 events):
Event: 0.031 Loaded shared library C:\Program Files\Java\jdk-17\bin\java.dll


Dynamic libraries:
0x00007ff73b790000 - 0x00007ff73b798000 	C:\Program Files\Java\jdk-17\bin\javac.exe
0x00007ffde3e60000 - 0x00007ffde40c0000 	C:\WINDOWS\SYSTEM32\ntdll.dll
0x00007ffde2390000 - 0x00007ffde2457000 	C:\WINDOWS\System32\KERNEL32.DLL
0x00007ffde1100000 - 0x00007ffde14ca000 	C:\WINDOWS\System32\KERNELBASE.dll
0x00007ffde1650000 - 0x00007ffde179b000 	C:\WINDOWS\System32\ucrtbase.dll
0x00007ffdc7ee0000 - 0x00007ffdc7ef9000 	C:\Program Files\Java\jdk-17\bin\jli.dll
0x00007ffdd1750000 - 0x00007ffdd176b000 	C:\Program Files\Java\jdk-17\bin\VCRUNTIME140.dll
0x00007ffde3ba0000 - 0x00007ffde3c52000 	C:\WINDOWS\System32\ADVAPI32.dll
0x00007ffde37e0000 - 0x00007ffde3889000 	C:\WINDOWS\System32\msvcrt.dll
0x00007ffde36a0000 - 0x00007ffde3746000 	C:\WINDOWS\System32\sechost.dll
0x00007ffde3890000 - 0x00007ffde39a6000 	C:\WINDOWS\System32\RPCRT4.dll
0x00007ffde28e0000 - 0x00007ffde2aac000 	C:\WINDOWS\System32\USER32.dll
0x00007ffde10d0000 - 0x00007ffde10f7000 	C:\WINDOWS\System32\win32u.dll
0x00007ffde3750000 - 0x00007ffde377a000 	C:\WINDOWS\System32\GDI32.dll
0x00007ffdc5600000 - 0x00007ffdc5897000 	C:\WINDOWS\WinSxS\amd64_microsoft.windows.common-controls_6595b64144ccf1df_6.0.26100.3624_none_3e086962e3345f24\COMCTL32.dll
0x00007ffde1a80000 - 0x00007ffde1bb1000 	C:\WINDOWS\System32\gdi32full.dll
0x00007ffde1910000 - 0x00007ffde19b3000 	C:\WINDOWS\System32\msvcp_win.dll
0x00007ffdd96a0000 - 0x00007ffdd96ab000 	C:\WINDOWS\SYSTEM32\VERSION.dll
0x00007ffde37a0000 - 0x00007ffde37cf000 	C:\WINDOWS\System32\IMM32.DLL
0x00007ffdd8460000 - 0x00007ffdd846c000 	C:\Program Files\Java\jdk-17\bin\vcruntime140_1.dll
0x00007ffdb87b0000 - 0x00007ffdb883e000 	C:\Program Files\Java\jdk-17\bin\msvcp140.dll
0x00007ffd507e0000 - 0x00007ffd513c0000 	C:\Program Files\Java\jdk-17\bin\server\jvm.dll
0x00007ffde3b90000 - 0x00007ffde3b98000 	C:\WINDOWS\System32\PSAPI.DLL
0x00007ffdd61c0000 - 0x00007ffdd61f6000 	C:\WINDOWS\SYSTEM32\WINMM.dll
0x00007ffdbef10000 - 0x00007ffdbef1a000 	C:\WINDOWS\SYSTEM32\WSOCK32.dll
0x00007ffde3d40000 - 0x00007ffde3db4000 	C:\WINDOWS\System32\WS2_32.dll
0x00007ffddfe10000 - 0x00007ffddfe2a000 	C:\WINDOWS\SYSTEM32\kernel.appcore.dll
0x00007ffdc8170000 - 0x00007ffdc817a000 	C:\Program Files\Java\jdk-17\bin\jimage.dll
0x00007ffdde6f0000 - 0x00007ffdde931000 	C:\WINDOWS\SYSTEM32\DBGHELP.DLL
0x00007ffde2460000 - 0x00007ffde27e2000 	C:\WINDOWS\System32\combase.dll
0x00007ffde3c60000 - 0x00007ffde3d36000 	C:\WINDOWS\System32\OLEAUT32.dll
0x00007ffda3ef0000 - 0x00007ffda3f29000 	C:\WINDOWS\SYSTEM32\dbgcore.DLL
0x00007ffde1bc0000 - 0x00007ffde1c59000 	C:\WINDOWS\System32\bcryptPrimitives.dll
0x00007ffdc7e20000 - 0x00007ffdc7e45000 	C:\Program Files\Java\jdk-17\bin\java.dll

dbghelp: loaded successfully - version: 4.0.5 - missing functions: none
symbol engine: initialized successfully - sym options: 0x614 - pdb path: .;C:\Program Files\Java\jdk-17\bin;C:\WINDOWS\SYSTEM32;C:\WINDOWS\WinSxS\amd64_microsoft.windows.common-controls_6595b64144ccf1df_6.0.26100.3624_none_3e086962e3345f24;C:\Program Files\Java\jdk-17\bin\server

VM Arguments:
jvm_args: -Dapplication.home=C:\Program Files\Java\jdk-17 --add-modules=ALL-DEFAULT -Xms8m -Djdk.module.main=jdk.compiler 
java_command: jdk.compiler/com.sun.tools.javac.Main -cp lib\front-controller.jar;lib\gson-2.8.2.jar;lib\servlet-api.jar -d classes temp_src/*.java
java_class_path (initial): <not set>
Launcher Type: SUN_STANDARD

[Global flags]
     intx CICompilerCount                          = 4                                         {product} {ergonomic}
     uint ConcGCThreads                            = 2                                         {product} {ergonomic}
     uint G1ConcRefinementThreads                  = 8                                         {product} {ergonomic}
   size_t G1HeapRegionSize                         = 1048576                                   {product} {ergonomic}
    uintx GCDrainStackTargetSize                   = 64                                        {product} {ergonomic}
   size_t InitialHeapSize                          = 8388608                                   {product} {command line}
   size_t MarkStackSize                            = 4194304                                   {product} {ergonomic}
   size_t MaxHeapSize                              = 2090860544                                {product} {ergonomic}
   size_t MinHeapDeltaBytes                        = 1048576                                   {product} {ergonomic}
   size_t MinHeapSize                              = 8388608                                   {product} {command line}
    uintx NonNMethodCodeHeapSize                   = 5839372                                {pd product} {ergonomic}
    uintx NonProfiledCodeHeapSize                  = 122909434                              {pd product} {ergonomic}
    uintx ProfiledCodeHeapSize                     = 122909434                              {pd product} {ergonomic}
    uintx ReservedCodeCacheSize                    = 251658240                              {pd product} {ergonomic}
     bool SegmentedCodeCache                       = true                                      {product} {ergonomic}
   size_t SoftMaxHeapSize                          = 2090860544                             {manageable} {ergonomic}
     bool UseCompressedClassPointers               = true                           {product lp64_product} {ergonomic}
     bool UseCompressedOops                        = true                           {product lp64_product} {ergonomic}
     bool UseG1GC                                  = true                                      {product} {ergonomic}
     bool UseLargePagesIndividualAllocation        = false                                  {pd product} {ergonomic}

Logging:
Log output configuration:
 #0: stdout all=warning uptime,level,tags
 #1: stderr all=off uptime,level,tags

Environment Variables:
JAVA_HOME=C:\Program Files\java\jdk-17
PATH=C:\Users\pcc\bin;C:\Program Files\Git\mingw64\bin;C:\Program Files\Git\usr\local\bin;C:\Program Files\Git\usr\bin;C:\Program Files\Git\usr\bin;C:\Program Files\Git\mingw64\bin;C:\Program Files\Git\usr\bin;C:\Users\pcc\bin;C:\Program Files\Python313\Scripts;C:\Program Files\Python313;C:\Program Files (x86)\NVIDIA Corporation\PhysX\Common;D:\Oracle_instal\product\11.2.0\dbhome_1\bin;C:\Program Files\Common Files\Oracle\Java\javapath;C:\Program Files (x86)\Common Files\Oracle\Java\java8path;C:\Program Files (x86)\Common Files\Oracle\Java\javapath;C:\WINDOWS\system32;C:\WINDOWS;C:\WINDOWS\System32\Wbem;C:\WINDOWS\System32\WindowsPowerShell\v1.0;C:\WINDOWS\System32\OpenSSH;C:\Program Files\java\jdk-17\bin;C:\Program Files\Apache Software Foundation\apache-tomcat-10.1.31-windows-x64\apache-tomcat-10.1.31\bin;C:\Program Files\PostgreSQL\15\bin;C:\Program Files\dotnet;C:\Program Files\Git\cmd;C:\serveur\postgresql-42.7.4.jar;C:\Program Files\Symphony\Symphony;C:\xampp8\php;C:\Program Files\symfony-cli_windows_amd64;D:\L3\Logiciel\apache-ant-1.10.15-bin\apache-ant-1.10.15\bin;C:\serveur\wildfly-26.1.2.Final\wildfly-26.1.2.Final\bin;C:\Program Files\apache-maven-3.9.9\bin;C:\Program Files\Apache Software Foundation\apache-tomcat-10.1.31-windows-x64\apache-tomcat-10.1.31\bin;D:\L3\Logiciel\opencv\build\java\x64;D:\L3\Logiciel\opencv\build\java\opencv-4100.jar;D:\L3\Mme baovola\nante\Boulangerie\lib\servlet-api.jar;C:\xampp7.3\php;C:\ProgramData\ComposerSetup\bin;C:\xampp7.3\mysql\bin;C:\Program Files\nodejs;C:\Program Files\nodejs;C:\TDM-GCC-64\bin;C:\Program Files\Apache Software Foundation\apache-tomcat-10.1.31-windows-x64\apache-tomcat-10.1.31\bin;C:\Users\pcc\AppData\Local\Programs\Trae\bin;C:\Users\pcc\AppData\Local\Programs\Python\Launcher;C:\Users\pcc\AppData\Local\Microsoft\WindowsApps;C:\Program Files\JetBrains\IntelliJ IDEA 2023.1\bin;C:\Users\pcc\AppData\Local\Programs\Microsoft VS Code\bin;C:\Users\pcc\.dotnet\tools;C:\Users\pcc\AppData\Local\GitHubDesktop\bin;C:
USERNAME=Hozalice
SHELL=C:\Program Files\Git\usr\bin\bash.exe
DISPLAY=needs-to-be-defined
LANG=en_US.UTF-8
OS=Windows_NT
PROCESSOR_IDENTIFIER=Intel64 Family 6 Model 140 Stepping 1, GenuineIntel



---------------  S Y S T E M  ---------------

OS:
 Windows 11 , 64 bit Build 26100 (10.0.26100.3775)
OS uptime: 2 days 19:55 hours
Hyper-V role detected

CPU: total 8 (initial active 8) (4 cores per cpu, 2 threads per core) family 6 model 140 stepping 1 microcode 0x86, cx8, cmov, fxsr, ht, mmx, 3dnowpref, sse, sse2, sse3, ssse3, sse4.1, sse4.2, popcnt, lzcnt, tsc, tscinvbit, avx, avx2, aes, erms, clmul, bmi1, bmi2, adx, avx512f, avx512dq, avx512cd, avx512bw, avx512vl, sha, fma, vzeroupper, avx512_vpopcntdq, avx512_vpclmulqdq, avx512_vaes, avx512_vnni, clflush, clflushopt, clwb, avx512_vbmi2, avx512_vbmi, hv

Memory: 4k page, system-wide physical 7975M (1151M free)
TotalPageFile size 20263M (AvailPageFile size 38M)
current process WorkingSet (physical memory assigned to process): 11M, peak: 11M
current process commit charge ("private bytes"): 13M, peak: 14M

vm_info: Java HotSpot(TM) 64-Bit Server VM (17.0.11+7-LTS-207) for windows-amd64 JRE (17.0.11+7-LTS-207), built on Mar 11 2024 19:01:50 by "mach5one" with MS VC++ 17.6 (VS2022)

END.
